<?xml version="1.0" encoding="UTF-8"?>
<testng-results ignored="0" total="2" passed="2" failed="0" skipped="0">
  <reporter-output>
  </reporter-output>
  <suite started-at="2025-02-25T17:03:43Z" name="Suite" finished-at="2025-02-25T17:04:34Z" duration-ms="51056">
    <groups>
    </groups>
    <test started-at="2025-02-25T17:03:43Z" name="Test" finished-at="2025-02-25T17:04:34Z" duration-ms="51056">
      <class name="testcases.Login">
        <test-method is-config="true" signature="preConditions()[pri:0, instance:testcases.Login@7133da86]" started-at="2025-02-25T22:33:43Z" name="preConditions" finished-at="2025-02-25T22:34:07Z" duration-ms="24017" status="PASS">
          <reporter-output>
          </reporter-output>
        </test-method> <!-- preConditions -->
        <test-method signature="runLogin()[pri:0, instance:testcases.Login@7133da86]" started-at="2025-02-25T22:34:07Z" name="runLogin" finished-at="2025-02-25T22:34:16Z" duration-ms="8253" status="PASS">
          <reporter-output>
          </reporter-output>
        </test-method> <!-- runLogin -->
        <test-method is-config="true" signature="postConditions()[pri:0, instance:testcases.Login@7133da86]" started-at="2025-02-25T22:34:16Z" name="postConditions" finished-at="2025-02-25T22:34:16Z" duration-ms="540" status="PASS">
          <reporter-output>
          </reporter-output>
        </test-method> <!-- postConditions -->
      </class> <!-- testcases.Login -->
      <class name="testcases.CreateAccountSF">
        <test-method is-config="true" signature="preConditions()[pri:0, instance:testcases.CreateAccountSF@4d0f2471]" started-at="2025-02-25T22:33:43Z" name="preConditions" finished-at="2025-02-25T22:34:03Z" duration-ms="19836" status="PASS">
          <reporter-output>
          </reporter-output>
        </test-method> <!-- preConditions -->
        <test-method signature="createAccount()[pri:0, instance:testcases.CreateAccountSF@4d0f2471]" started-at="2025-02-25T22:34:03Z" name="createAccount" finished-at="2025-02-25T22:34:34Z" duration-ms="30891" status="PASS">
          <reporter-output>
          </reporter-output>
        </test-method> <!-- createAccount -->
        <test-method is-config="true" signature="postConditions()[pri:0, instance:testcases.CreateAccountSF@4d0f2471]" started-at="2025-02-25T22:34:34Z" name="postConditions" finished-at="2025-02-25T22:34:34Z" duration-ms="282" status="PASS">
          <reporter-output>
          </reporter-output>
        </test-method> <!-- postConditions -->
      </class> <!-- testcases.CreateAccountSF -->
    </test> <!-- Test -->
  </suite> <!-- Suite -->
</testng-results>
