<?xml version="1.0" encoding="UTF-8"?>
<testng-results ignored="0" total="3" passed="3" failed="0" skipped="0">
  <reporter-output>
  </reporter-output>
  <suite started-at="2025-02-27T06:48:55Z" name="Suite" finished-at="2025-02-27T06:50:18Z" duration-ms="82497">
    <groups>
    </groups>
    <test started-at="2025-02-27T06:48:55Z" name="Test" finished-at="2025-02-27T06:50:18Z" duration-ms="82497">
      <class name="testcases.Login">
        <test-method is-config="true" signature="preConditions()[pri:0, instance:testcases.Login@56cdfb3b]" started-at="2025-02-27T12:18:57Z" name="preConditions" finished-at="2025-02-27T12:19:06Z" duration-ms="8375" status="PASS">
          <reporter-output>
          </reporter-output>
        </test-method> <!-- preConditions -->
        <test-method signature="runLogin(java.lang.String, java.lang.String)[pri:0, instance:testcases.Login@56cdfb3b]" started-at="2025-02-27T12:19:06Z" name="runLogin" data-provider="fetchData" finished-at="2025-02-27T12:19:21Z" duration-ms="15511" status="PASS">
          <params>
            <param index="0">
              <value>
                <![CDATA[vidyar@testleaf.com]]>
              </value>
            </param>
            <param index="1">
              <value>
                <![CDATA[Sales@123]]>
              </value>
            </param>
          </params>
          <reporter-output>
          </reporter-output>
        </test-method> <!-- runLogin -->
        <test-method is-config="true" signature="postConditions()[pri:0, instance:testcases.Login@56cdfb3b]" started-at="2025-02-27T12:19:21Z" name="postConditions" finished-at="2025-02-27T12:19:22Z" duration-ms="686" status="PASS">
          <reporter-output>
          </reporter-output>
        </test-method> <!-- postConditions -->
      </class> <!-- testcases.Login -->
      <class name="testcases.CreateAccountSF">
        <test-method is-config="true" signature="setValue()[pri:0, instance:testcases.CreateAccountSF@4229bb3f]" started-at="2025-02-27T12:18:55Z" name="setValue" finished-at="2025-02-27T12:18:55Z" duration-ms="19" status="PASS">
          <reporter-output>
          </reporter-output>
        </test-method> <!-- setValue -->
        <test-method is-config="true" signature="setValue()[pri:0, instance:testcases.Login@56cdfb3b]" started-at="2025-02-27T12:18:55Z" name="setValue" finished-at="2025-02-27T12:18:55Z" duration-ms="0" status="PASS">
          <reporter-output>
          </reporter-output>
        </test-method> <!-- setValue -->
        <test-method is-config="true" signature="preConditions()[pri:0, instance:testcases.CreateAccountSF@4229bb3f]" started-at="2025-02-27T12:18:57Z" name="preConditions" finished-at="2025-02-27T12:19:05Z" duration-ms="8238" status="PASS">
          <reporter-output>
          </reporter-output>
        </test-method> <!-- preConditions -->
        <test-method signature="createAccount(java.lang.String, java.lang.String, java.lang.String)[pri:0, instance:testcases.CreateAccountSF@4229bb3f]" started-at="2025-02-27T12:19:05Z" name="createAccount" data-provider="fetchData" finished-at="2025-02-27T12:19:43Z" duration-ms="37438" status="PASS">
          <params>
            <param index="0">
              <value>
                <![CDATA[vidyar@testleaf.com]]>
              </value>
            </param>
            <param index="1">
              <value>
                <![CDATA[Sales@123]]>
              </value>
            </param>
            <param index="2">
              <value>
                <![CDATA[SFExcelACC1]]>
              </value>
            </param>
          </params>
          <reporter-output>
          </reporter-output>
        </test-method> <!-- createAccount -->
        <test-method is-config="true" signature="postConditions()[pri:0, instance:testcases.CreateAccountSF@4229bb3f]" started-at="2025-02-27T12:19:43Z" name="postConditions" finished-at="2025-02-27T12:19:43Z" duration-ms="562" status="PASS">
          <reporter-output>
          </reporter-output>
        </test-method> <!-- postConditions -->
        <test-method is-config="true" signature="preConditions()[pri:0, instance:testcases.CreateAccountSF@4229bb3f]" started-at="2025-02-27T12:19:43Z" name="preConditions" finished-at="2025-02-27T12:19:49Z" duration-ms="5779" status="PASS">
          <reporter-output>
          </reporter-output>
        </test-method> <!-- preConditions -->
        <test-method signature="createAccount(java.lang.String, java.lang.String, java.lang.String)[pri:0, instance:testcases.CreateAccountSF@4229bb3f]" started-at="2025-02-27T12:19:49Z" name="createAccount" data-provider="fetchData" finished-at="2025-02-27T12:20:17Z" duration-ms="28071" status="PASS">
          <params>
            <param index="0">
              <value>
                <![CDATA[vidyar@testleaf.com]]>
              </value>
            </param>
            <param index="1">
              <value>
                <![CDATA[Sales@123]]>
              </value>
            </param>
            <param index="2">
              <value>
                <![CDATA[SFExcelACC2]]>
              </value>
            </param>
          </params>
          <reporter-output>
          </reporter-output>
        </test-method> <!-- createAccount -->
        <test-method is-config="true" signature="postConditions()[pri:0, instance:testcases.CreateAccountSF@4229bb3f]" started-at="2025-02-27T12:20:17Z" name="postConditions" finished-at="2025-02-27T12:20:18Z" duration-ms="646" status="PASS">
          <reporter-output>
          </reporter-output>
        </test-method> <!-- postConditions -->
      </class> <!-- testcases.CreateAccountSF -->
    </test> <!-- Test -->
  </suite> <!-- Suite -->
</testng-results>
