<?xml version="1.0" encoding="UTF-8"?>
<!-- Generated by org.testng.reporters.JUnitXMLReporter -->
<testsuite ignored="0" hostname="LAPTOP-5GHAPU3D" failures="0" tests="3" name="Test" time="97.009" errors="0" timestamp="27 Feb 2025 06:37:11 GMT">
  <testcase classname="testcases.Login" name="runLogin" time="22.868"/>
  <testcase classname="testcases.CreateAccountSF" name="createAccount" time="46.86"/>
  <testcase classname="testcases.CreateAccountSF" name="createAccount" time="31.889"/>
</testsuite> <!-- Test -->
