<?xml version="1.0" encoding="UTF-8"?>
<!-- Generated by org.testng.reporters.JUnitXMLReporter -->
<testsuite ignored="0" hostname="LAPTOP-5GHAPU3D" failures="0" tests="3" name="Test" time="82.497" errors="0" timestamp="27 Feb 2025 06:50:18 GMT">
  <testcase classname="testcases.Login" name="runLogin" time="15.511"/>
  <testcase classname="testcases.CreateAccountSF" name="createAccount" time="37.438"/>
  <testcase classname="testcases.CreateAccountSF" name="createAccount" time="28.071"/>
</testsuite> <!-- Test -->
