<?xml version="1.0" encoding="UTF-8"?>
<testng-results ignored="0" total="2" passed="2" failed="0" skipped="0">
  <reporter-output>
  </reporter-output>
  <suite started-at="2025-02-27T12:14:09Z" name="Default suite" finished-at="2025-02-27T12:15:10Z" duration-ms="60829">
    <groups>
      <group name="cucumber">
        <method signature="AbstractTestNGCucumberTests.runScenario(io.cucumber.testng.PickleWrapper, io.cucumber.testng.FeatureWrapper)[pri:0, instance:testcases.RunnerClass@5443d039]" name="runScenario" class="io.cucumber.testng.AbstractTestNGCucumberTests"/>
      </group> <!-- cucumber -->
    </groups>
    <test started-at="2025-02-27T12:14:09Z" name="Default test" finished-at="2025-02-27T12:15:10Z" duration-ms="60829">
      <class name="testcases.RunnerClass">
        <test-method is-config="true" signature="setUpClass(org.testng.ITestContext)[pri:0, instance:testcases.RunnerClass@5443d039]" started-at="2025-02-27T17:44:09Z" name="setUpClass" finished-at="2025-02-27T17:44:10Z" duration-ms="992" status="PASS">
          <params>
            <param index="0">
              <value>
                <![CDATA[org.testng.TestRunner@619c93ca]]>
              </value>
            </param>
          </params>
          <reporter-output>
          </reporter-output>
        </test-method> <!-- setUpClass -->
        <test-method is-config="true" signature="preConditions()[pri:0, instance:testcases.RunnerClass@5443d039]" started-at="2025-02-27T17:44:10Z" name="preConditions" finished-at="2025-02-27T17:44:18Z" duration-ms="8399" status="PASS">
          <reporter-output>
          </reporter-output>
        </test-method> <!-- preConditions -->
        <test-method signature="runScenario(io.cucumber.testng.PickleWrapper, io.cucumber.testng.FeatureWrapper)[pri:0, instance:testcases.RunnerClass@5443d039]" started-at="2025-02-27T17:44:18Z" name="runScenario" description="Runs Cucumber Scenarios" data-provider="scenarios" finished-at="2025-02-27T17:44:52Z" duration-ms="33301" status="PASS">
          <params>
            <param index="0">
              <value>
                <![CDATA["To Verify Add Account in Salesforce"]]>
              </value>
            </param>
            <param index="1">
              <value>
                <![CDATA["Create Account in Salesforce"]]>
              </value>
            </param>
          </params>
          <reporter-output>
          </reporter-output>
        </test-method> <!-- runScenario -->
        <test-method is-config="true" signature="postConditions()[pri:0, instance:testcases.RunnerClass@5443d039]" started-at="2025-02-27T17:44:52Z" name="postConditions" finished-at="2025-02-27T17:44:52Z" duration-ms="451" status="PASS">
          <reporter-output>
          </reporter-output>
        </test-method> <!-- postConditions -->
        <test-method is-config="true" signature="preConditions()[pri:0, instance:testcases.RunnerClass@5443d039]" started-at="2025-02-27T17:44:52Z" name="preConditions" finished-at="2025-02-27T17:44:58Z" duration-ms="5727" status="PASS">
          <reporter-output>
          </reporter-output>
        </test-method> <!-- preConditions -->
        <test-method signature="runScenario(io.cucumber.testng.PickleWrapper, io.cucumber.testng.FeatureWrapper)[pri:0, instance:testcases.RunnerClass@5443d039]" started-at="2025-02-27T17:44:58Z" name="runScenario" description="Runs Cucumber Scenarios" data-provider="scenarios" finished-at="2025-02-27T17:45:08Z" duration-ms="10204" status="PASS">
          <params>
            <param index="0">
              <value>
                <![CDATA["To Verify Login Account in Salesforce"]]>
              </value>
            </param>
            <param index="1">
              <value>
                <![CDATA["Login Salesforce"]]>
              </value>
            </param>
          </params>
          <reporter-output>
          </reporter-output>
        </test-method> <!-- runScenario -->
        <test-method is-config="true" signature="postConditions()[pri:0, instance:testcases.RunnerClass@5443d039]" started-at="2025-02-27T17:45:08Z" name="postConditions" finished-at="2025-02-27T17:45:08Z" duration-ms="391" status="PASS">
          <reporter-output>
          </reporter-output>
        </test-method> <!-- postConditions -->
        <test-method is-config="true" signature="tearDownClass()[pri:0, instance:testcases.RunnerClass@5443d039]" started-at="2025-02-27T17:45:08Z" name="tearDownClass" finished-at="2025-02-27T17:45:10Z" duration-ms="1330" status="PASS">
          <reporter-output>
          </reporter-output>
        </test-method> <!-- tearDownClass -->
      </class> <!-- testcases.RunnerClass -->
    </test> <!-- Default test -->
  </suite> <!-- Default suite -->
</testng-results>
